[2026-06-16T23:36:23+00:00] === experiment driver START (pid 509567, host ai) ===
awk: cmd. line:1: NR==2{print $4\" free\"}
awk: cmd. line:1:               ^ backslash not last character on line
awk: cmd. line:1: /Mem/{print $7\" avail\"}
awk: cmd. line:1:               ^ backslash not last character on line
[2026-06-16T23:36:23+00:00] disk:   mem: 
[2026-06-16T23:36:23+00:00] waiting for an in-flight run to finish (404 det rows) ...
[2026-06-16T23:38:24+00:00] waiting for an in-flight run to finish (405 det rows) ...
[2026-06-16T23:40:24+00:00] waiting for an in-flight run to finish (408 det rows) ...
[2026-06-16T23:42:24+00:00] waiting for an in-flight run to finish (409 det rows) ...
[2026-06-16T23:44:24+00:00] waiting for an in-flight run to finish (411 det rows) ...
[2026-06-16T23:46:24+00:00] waiting for an in-flight run to finish (413 det rows) ...
[2026-06-16T23:48:24+00:00] waiting for an in-flight run to finish (415 det rows) ...
[2026-06-16T23:50:24+00:00] waiting for an in-flight run to finish (417 det rows) ...
[2026-06-16T23:52:24+00:00] waiting for an in-flight run to finish (418 det rows) ...
[2026-06-16T23:54:24+00:00] waiting for an in-flight run to finish (421 det rows) ...
[2026-06-16T23:56:24+00:00] waiting for an in-flight run to finish (422 det rows) ...
[2026-06-16T23:58:24+00:00] waiting for an in-flight run to finish (425 det rows) ...
[2026-06-17T00:00:24+00:00] waiting for an in-flight run to finish (427 det rows) ...
[2026-06-17T00:02:24+00:00] waiting for an in-flight run to finish (429 det rows) ...
[2026-06-17T00:04:24+00:00] waiting for an in-flight run to finish (431 det rows) ...
[2026-06-17T00:06:24+00:00] waiting for an in-flight run to finish (433 det rows) ...
[2026-06-17T00:08:24+00:00] waiting for an in-flight run to finish (435 det rows) ...
[2026-06-17T00:10:24+00:00] waiting for an in-flight run to finish (437 det rows) ...
[2026-06-17T00:12:24+00:00] waiting for an in-flight run to finish (438 det rows) ...
[2026-06-17T00:14:24+00:00] waiting for an in-flight run to finish (439 det rows) ...
[2026-06-17T00:16:24+00:00] waiting for an in-flight run to finish (440 det rows) ...
[2026-06-17T00:18:24+00:00] waiting for an in-flight run to finish (441 det rows) ...
[2026-06-17T00:20:24+00:00] waiting for an in-flight run to finish (442 det rows) ...
[2026-06-17T00:22:24+00:00] waiting for an in-flight run to finish (443 det rows) ...
[2026-06-17T00:24:24+00:00] waiting for an in-flight run to finish (444 det rows) ...
[2026-06-17T00:26:24+00:00] waiting for an in-flight run to finish (445 det rows) ...
[2026-06-17T00:28:25+00:00] waiting for an in-flight run to finish (446 det rows) ...
[2026-06-17T00:30:25+00:00] waiting for an in-flight run to finish (447 det rows) ...
[2026-06-17T00:32:25+00:00] waiting for an in-flight run to finish (448 det rows) ...
[2026-06-17T00:34:25+00:00] waiting for an in-flight run to finish (449 det rows) ...
[2026-06-17T00:36:25+00:00] waiting for an in-flight run to finish (450 det rows) ...
[2026-06-17T00:38:25+00:00] waiting for an in-flight run to finish (451 det rows) ...
[2026-06-17T00:40:25+00:00] waiting for an in-flight run to finish (452 det rows) ...
[2026-06-17T00:42:25+00:00] waiting for an in-flight run to finish (453 det rows) ...
[2026-06-17T00:44:25+00:00] waiting for an in-flight run to finish (454 det rows) ...
[2026-06-17T00:46:25+00:00] waiting for an in-flight run to finish (455 det rows) ...
[2026-06-17T00:48:25+00:00] waiting for an in-flight run to finish (456 det rows) ...
[2026-06-17T00:50:25+00:00] waiting for an in-flight run to finish (459 det rows) ...
[2026-06-17T00:52:25+00:00] waiting for an in-flight run to finish (461 det rows) ...
[2026-06-17T00:54:25+00:00] waiting for an in-flight run to finish (463 det rows) ...
[2026-06-17T00:56:25+00:00] waiting for an in-flight run to finish (466 det rows) ...
[2026-06-17T00:58:25+00:00] waiting for an in-flight run to finish (469 det rows) ...
[2026-06-17T01:00:25+00:00] waiting for an in-flight run to finish (471 det rows) ...
[2026-06-17T01:02:25+00:00] waiting for an in-flight run to finish (473 det rows) ...
[2026-06-17T01:04:25+00:00] node is free of eval runs
[2026-06-17T01:04:25+00:00] --- node-power.sh setup (lock clocks/fans/radios) ---
[2026-06-17T01:04:26+00:00] --- calibrate.py (hardware ceilings) ---
[2026-06-17T01:04:26+00:00] WARN: calibrate.py failed/timed out (MBU columns will be blank)
[2026-06-17T01:04:26+00:00] cooldown target COOL_TEMP_C=57C (idle 50C + 7)
[2026-06-17T01:04:26+00:00] --- variance run: 25 models x 19 scenarios x R=5, all telemetry (this takes DAYS) ---
[2026-06-18T01:45:24+00:00] variance run exited rc=0; rows=2375
[2026-06-18T01:45:24+00:00] --- baselines.py ---
[2026-06-18T01:45:24+00:00] === experiment driver DONE (rows: var=2375) ===
[2026-06-18T01:45:24+00:00] EXIT: restoring node power state
